19:44:05.440 [main] INFO  com.intuit.karate.Runner - waiting for parallel features to complete ...
19:44:05.662 [ForkJoinPool-1-worker-3] INFO  com.intuit.karate - karate.env system property was:  
19:44:05.993 [pool-1-thread-1] INFO  com.intuit.karate.Runner - <<fail>> feature 1 of 1: src/test/java/features/MetaWeather.feature
19:44:36.534 [main] INFO  com.intuit.karate.Runner - waiting for parallel features to complete ...
19:44:36.767 [ForkJoinPool-1-worker-3] INFO  com.intuit.karate - karate.env system property was:  
19:44:37.230 [ForkJoinPool-1-worker-3] DEBUG com.intuit.karate - request:
1 > GET https://www.metaweather.com/api/location/search?query=London
1 > Accept-Encoding: gzip,deflate
1 > Connection: Keep-Alive
1 > Host: www.metaweather.com
1 > User-Agent: Apache-HttpClient/4.5.11 (Java/13.0.2)

19:44:37.951 [ForkJoinPool-1-worker-3] DEBUG com.intuit.karate - response time in milliseconds: 715.14
1 < 301
1 < Content-Language: en
1 < Content-Length: 0
1 < Content-Type: text/html; charset=utf-8
1 < Date: Wed, 03 Jun 2020 00:44:37 GMT
1 < Location: https://www.metaweather.com/api/location/search/?query=London
1 < Server: Google Frontend
1 < Vary: Accept-Language
1 < X-Cloud-Trace-Context: d3653b1d0f5286b0657e772a2a53a821
1 < strict-transport-security: max-age=2592000; includeSubDomains
1 < x-content-type-options: nosniff
1 < x-frame-options: DENY
1 < x-xss-protection: 1; mode=block


19:44:37.955 [ForkJoinPool-1-worker-3] DEBUG com.intuit.karate - request:
2 > GET https://www.metaweather.com/api/location/search?query=London
2 > Accept-Encoding: gzip,deflate
2 > Connection: Keep-Alive
2 > Host: www.metaweather.com
2 > User-Agent: Apache-HttpClient/4.5.11 (Java/13.0.2)

19:44:38.124 [ForkJoinPool-1-worker-3] DEBUG com.intuit.karate - response time in milliseconds: 168.36
2 < 200
2 < Allow: GET, HEAD, OPTIONS
2 < Content-Language: en
2 < Content-Length: 90
2 < Content-Type: application/json
2 < Date: Wed, 03 Jun 2020 00:44:37 GMT
2 < Server: Google Frontend
2 < Vary: Accept-Language, Cookie
2 < X-Cloud-Trace-Context: 503a848a9529c32fad48dccab1724d96
2 < strict-transport-security: max-age=2592000; includeSubDomains
2 < x-content-type-options: nosniff
2 < x-frame-options: DENY
2 < x-xss-protection: 1; mode=block
[{"title":"London","location_type":"City","woeid":44418,"latt_long":"51.506321,-0.12714"}]

19:44:38.283 [pool-1-thread-1] INFO  com.intuit.karate.Runner - <<pass>> feature 1 of 1: src/test/java/features/MetaWeather.feature
19:46:41.759 [main] INFO  com.intuit.karate.Runner - waiting for parallel features to complete ...
19:46:41.764 [pool-1-thread-1] INFO  com.intuit.karate - found scenario at line: 8 - ^Search for London$
19:46:41.997 [ForkJoinPool-1-worker-3] INFO  com.intuit.karate - karate.env system property was:  
19:46:42.476 [ForkJoinPool-1-worker-3] DEBUG com.intuit.karate - request:
1 > GET https://www.metaweather.com/api/location/search?query=London
1 > Accept-Encoding: gzip,deflate
1 > Connection: Keep-Alive
1 > Host: www.metaweather.com
1 > User-Agent: Apache-HttpClient/4.5.11 (Java/13.0.2)

19:46:43.517 [ForkJoinPool-1-worker-3] DEBUG com.intuit.karate - response time in milliseconds: 1036.72
1 < 301
1 < Content-Language: en
1 < Content-Length: 0
1 < Content-Type: text/html; charset=utf-8
1 < Date: Wed, 03 Jun 2020 00:46:42 GMT
1 < Location: https://www.metaweather.com/api/location/search/?query=London
1 < Server: Google Frontend
1 < Vary: Accept-Language
1 < X-Cloud-Trace-Context: 5072c694cd29203485c007391d0c3b9c
1 < strict-transport-security: max-age=2592000; includeSubDomains
1 < x-content-type-options: nosniff
1 < x-frame-options: DENY
1 < x-xss-protection: 1; mode=block


19:46:43.522 [ForkJoinPool-1-worker-3] DEBUG com.intuit.karate - request:
2 > GET https://www.metaweather.com/api/location/search?query=London
2 > Accept-Encoding: gzip,deflate
2 > Connection: Keep-Alive
2 > Host: www.metaweather.com
2 > User-Agent: Apache-HttpClient/4.5.11 (Java/13.0.2)

19:46:43.737 [ForkJoinPool-1-worker-3] DEBUG com.intuit.karate - response time in milliseconds: 214.06
2 < 200
2 < Allow: GET, HEAD, OPTIONS
2 < Content-Language: en
2 < Content-Length: 90
2 < Content-Type: application/json
2 < Date: Wed, 03 Jun 2020 00:46:43 GMT
2 < Server: Google Frontend
2 < Vary: Accept-Language, Cookie
2 < X-Cloud-Trace-Context: b89159a7d9be5dfbac687d7ec0180df4
2 < strict-transport-security: max-age=2592000; includeSubDomains
2 < x-content-type-options: nosniff
2 < x-frame-options: DENY
2 < x-xss-protection: 1; mode=block
[{"title":"London","location_type":"City","woeid":44418,"latt_long":"51.506321,-0.12714"}]

19:46:43.896 [pool-1-thread-1] INFO  com.intuit.karate.Runner - <<pass>> feature 1 of 1: src/test/java/features/MetaWeather.feature
19:48:28.130 [main] INFO  com.intuit.karate - karate.env system property was:  
19:48:28.578 [main] DEBUG com.intuit.karate - request:
1 > GET https://www.metaweather.com/api/location/search?query=London
1 > Accept-Encoding: gzip,deflate
1 > Connection: Keep-Alive
1 > Host: www.metaweather.com
1 > User-Agent: Apache-HttpClient/4.5.11 (Java/13.0.2)

19:48:29.021 [main] DEBUG com.intuit.karate - response time in milliseconds: 439.43
1 < 301
1 < Content-Language: en
1 < Content-Length: 0
1 < Content-Type: text/html; charset=utf-8
1 < Date: Wed, 03 Jun 2020 00:48:28 GMT
1 < Location: https://www.metaweather.com/api/location/search/?query=London
1 < Server: Google Frontend
1 < Vary: Accept-Language
1 < X-Cloud-Trace-Context: df8d75c7b658eca192f81c1e144352bf
1 < strict-transport-security: max-age=2592000; includeSubDomains
1 < x-content-type-options: nosniff
1 < x-frame-options: DENY
1 < x-xss-protection: 1; mode=block


19:48:29.024 [main] DEBUG com.intuit.karate - request:
2 > GET https://www.metaweather.com/api/location/search?query=London
2 > Accept-Encoding: gzip,deflate
2 > Connection: Keep-Alive
2 > Host: www.metaweather.com
2 > User-Agent: Apache-HttpClient/4.5.11 (Java/13.0.2)

19:48:29.187 [main] DEBUG com.intuit.karate - response time in milliseconds: 161.60
2 < 200
2 < Allow: GET, HEAD, OPTIONS
2 < Content-Language: en
2 < Content-Length: 90
2 < Content-Type: application/json
2 < Date: Wed, 03 Jun 2020 00:48:28 GMT
2 < Server: Google Frontend
2 < Vary: Accept-Language, Cookie
2 < X-Cloud-Trace-Context: 32b2a91031db69bbd26afdaf5a67ab5d
2 < strict-transport-security: max-age=2592000; includeSubDomains
2 < x-content-type-options: nosniff
2 < x-frame-options: DENY
2 < x-xss-protection: 1; mode=block
[{"title":"London","location_type":"City","woeid":44418,"latt_long":"51.506321,-0.12714"}]

19:58:49.611 [main] INFO  com.intuit.karate.Runner - waiting for parallel features to complete ...
19:58:49.878 [ForkJoinPool-1-worker-3] INFO  com.intuit.karate - karate.env system property was:  
19:58:50.360 [ForkJoinPool-1-worker-3] DEBUG com.intuit.karate - request:
1 > GET https://www.metaweather.com/api/location/search?query=London
1 > Accept-Encoding: gzip,deflate
1 > Connection: Keep-Alive
1 > Host: www.metaweather.com
1 > User-Agent: Apache-HttpClient/4.5.11 (Java/13.0.2)

19:58:51.019 [ForkJoinPool-1-worker-3] DEBUG com.intuit.karate - response time in milliseconds: 655.69
1 < 301
1 < Content-Language: en
1 < Content-Length: 0
1 < Content-Type: text/html; charset=utf-8
1 < Date: Wed, 03 Jun 2020 00:58:50 GMT
1 < Location: https://www.metaweather.com/api/location/search/?query=London
1 < Server: Google Frontend
1 < Vary: Accept-Language
1 < X-Cloud-Trace-Context: 7d58046ccdf8c8e95ef722de91f17be4
1 < strict-transport-security: max-age=2592000; includeSubDomains
1 < x-content-type-options: nosniff
1 < x-frame-options: DENY
1 < x-xss-protection: 1; mode=block


19:58:51.021 [ForkJoinPool-1-worker-3] DEBUG com.intuit.karate - request:
2 > GET https://www.metaweather.com/api/location/search?query=London
2 > Accept-Encoding: gzip,deflate
2 > Connection: Keep-Alive
2 > Host: www.metaweather.com
2 > User-Agent: Apache-HttpClient/4.5.11 (Java/13.0.2)

19:58:51.206 [ForkJoinPool-1-worker-3] DEBUG com.intuit.karate - response time in milliseconds: 184.10
2 < 200
2 < Allow: GET, HEAD, OPTIONS
2 < Content-Language: en
2 < Content-Length: 90
2 < Content-Type: application/json
2 < Date: Wed, 03 Jun 2020 00:58:50 GMT
2 < Server: Google Frontend
2 < Vary: Accept-Language, Cookie
2 < X-Cloud-Trace-Context: 19b33d5768e89a260b7c7e9c992b84dd
2 < strict-transport-security: max-age=2592000; includeSubDomains
2 < x-content-type-options: nosniff
2 < x-frame-options: DENY
2 < x-xss-protection: 1; mode=block
[{"title":"London","location_type":"City","woeid":44418,"latt_long":"51.506321,-0.12714"}]

19:58:51.359 [pool-1-thread-1] INFO  com.intuit.karate.Runner - <<pass>> feature 1 of 1: src/test/java/features/MetaWeather.feature
